CREATE LANGUAGE plmuggin;
CREATE OR REPLACE FUNCTION mug1 (foo TEXT) RETURNS TEXT AS
$$div#app
  span(class="{{foo}}-test") contents
$$ LANGUAGE plmuggin;
SELECT mug1('hello');
                             mug1                             
--------------------------------------------------------------
 <!DOCTYPE html>                                             +
 <div id="app"><span class="hello-test">contents</span></div>
(1 row)

-- create table to use in query
CREATE TABLE todos (id SERIAL, label TEXT, complete boolean);
INSERT INTO todos (label,complete) VALUES
  ('regression test', true),
  ('not done', false),
  ('done', true);
CREATE OR REPLACE FUNCTION render_todos() RETURNS TEXT AS
$$div.todos
  ul(m:q="SELECT id,label,complete FROM todos")
    li(data-id="{{id}}" class="todo todo-state-{{complete}}") {{label}}
$$ LANGUAGE plmuggin;
select render_todos();
                                                                                                render_todos                                                                                                
------------------------------------------------------------------------------------------------------------------------------------------------------------------------------------------------------------
 <!DOCTYPE html>                                                                                                                                                                                           +
 <div class="todos"><ul><li data-id="1" class="todo todo-state-t">regression test</li><li data-id="2" class="todo todo-state-f">not done</li><li data-id="3" class="todo todo-state-t">done</li></ul></div>
(1 row)

